Traceback (most recent call last):
  File "/geode2/home/u040/jctanner/BigRed200/loss_landscapes/validate_modules.py", line 13, in <module>
    data = TWJ["total_weight_traj"]
  File "/N/soft/sles15/deeplearning/Python-3.10.10/lib/python3.10/site-packages/numpy/lib/npyio.py", line 253, in __getitem__
    return format.read_array(bytes,
  File "/N/soft/sles15/deeplearning/Python-3.10.10/lib/python3.10/site-packages/numpy/lib/format.py", line 812, in read_array
    data = _read_bytes(fp, read_size, "array data")
  File "/N/soft/sles15/deeplearning/Python-3.10.10/lib/python3.10/site-packages/numpy/lib/format.py", line 947, in _read_bytes
    r = fp.read(size - len(data))
  File "/N/soft/sles15/deeplearning/Python-3.10.10/Lib/zipfile.py", line 925, in read
    data = self._read1(n)
  File "/N/soft/sles15/deeplearning/Python-3.10.10/Lib/zipfile.py", line 1001, in _read1
    data = self._decompressor.decompress(data, n)
zlib.error: Error -3 while decompressing data: invalid literal/length code
Traceback (most recent call last):
  File "/geode2/home/u040/jctanner/BigRed200/loss_landscapes/validate_modules.py", line 13, in <module>
    data = TWJ["total_weight_traj"]
  File "/N/soft/sles15/deeplearning/Python-3.10.10/lib/python3.10/site-packages/numpy/lib/npyio.py", line 253, in __getitem__
    return format.read_array(bytes,
  File "/N/soft/sles15/deeplearning/Python-3.10.10/lib/python3.10/site-packages/numpy/lib/format.py", line 812, in read_array
    data = _read_bytes(fp, read_size, "array data")
  File "/N/soft/sles15/deeplearning/Python-3.10.10/lib/python3.10/site-packages/numpy/lib/format.py", line 947, in _read_bytes
    r = fp.read(size - len(data))
  File "/N/soft/sles15/deeplearning/Python-3.10.10/Lib/zipfile.py", line 925, in read
    data = self._read1(n)
  File "/N/soft/sles15/deeplearning/Python-3.10.10/Lib/zipfile.py", line 1001, in _read1
    data = self._decompressor.decompress(data, n)
zlib.error: Error -3 while decompressing data: invalid literal/length code
srun: error: nid0629: task 1: Exited with exit code 1
srun: launch/slurm: _step_signal: Terminating StepId=2218784.0
slurmstepd: error: *** STEP 2218784.0 ON nid0628 CANCELLED AT 2023-12-06T17:36:00 ***
srun: error: nid0628: task 0: Terminated
srun: error: nid0631: task 3: Terminated
srun: error: nid0630: task 2: Terminated
srun: Force Terminated StepId=2218784.0
